This is pdfTeX, Version 3.14159265-2.6-1.40.18 (TeX Live 2017/Debian) (preloaded format=latex 2018.10.23)  19 NOV 2018 16:18
entering extended mode
 restricted \write18 enabled.
 %&-line parsing enabled.
**algpseudocode.sty
(./algpseudocode.sty
LaTeX2e <2017-04-15>
Babel <3.18> and hyphenation patterns for 5 language(s) loaded.

LaTeX Warning: You have requested package `',
               but the package provides `algpseudocode'.

Package: algpseudocode 
(/usr/share/texlive/texmf-dist/tex/latex/base/ifthen.sty
Package: ifthen 2014/09/29 v1.1c Standard LaTeX ifthen package (DPC)
)

! LaTeX Error: File `algorithmicx.sty' not found.

Type X to quit or <RETURN> to proceed,
or enter new name. (Default extension: sty)

Enter file name: 
! Emergency stop.
<read *> 
         
l.12 \typeout
             {Document Style - pseudocode environments for use with the `alg...
End of file on the terminal!

 
Here is how much of TeX's memory you used:
 59 strings out of 494881
 760 string characters out of 6179626
 46430 words of memory out of 5000000
 3477 multiletter control sequences out of 15000+600000
 3640 words of font info for 14 fonts, out of 8000000 for 9000
 36 hyphenation exceptions out of 8191
 12i,0n,10p,131b,10s stack positions out of 5000i,500n,10000p,200000b,80000s
No pages of output.
